{
  "RSpec": {
    "coverage": {
      "/root/s3300projectp2/app/channels/application_cable/channel.rb": {
        "lines": [
          0,
          0,
          0,
          0
        ],
        "branches": {
        }
      },
      "/root/s3300projectp2/app/channels/application_cable/connection.rb": {
        "lines": [
          0,
          0,
          0,
          0
        ],
        "branches": {
        }
      },
      "/root/s3300projectp2/app/controllers/application_controller.rb": {
        "lines": [
          0,
          0
        ],
        "branches": {
        }
      },
      "/root/s3300projectp2/app/controllers/items_controller.rb": {
        "lines": [
          0,
          0,
          null,
          null,
          null,
          0,
          0,
          0,
          null,
          null,
          0,
          0,
          null,
          null,
          0,
          0,
          0,
          null,
          null,
          0,
          0,
          null,
          null,
          0,
          0,
          null,
          0,
          0,
          0,
          0,
          0,
          0,
          0,
          0,
          0,
          0,
          null,
          null,
          0,
          0,
          0,
          0,
          0,
          0,
          0,
          0,
          0,
          0,
          0,
          null,
          null,
          0,
          0,
          null,
          0,
          0,
          0,
          0,
          0,
          null,
          0,
          null,
          0,
          0,
          0,
          null,
          null,
          0,
          0,
          0,
          0
        ],
        "branches": {
        }
      },
      "/root/s3300projectp2/app/helpers/application_helper.rb": {
        "lines": [
          0,
          0
        ],
        "branches": {
        }
      },
      "/root/s3300projectp2/app/helpers/items_helper.rb": {
        "lines": [
          0,
          0
        ],
        "branches": {
        }
      },
      "/root/s3300projectp2/app/jobs/application_job.rb": {
        "lines": [
          0,
          null,
          null,
          null,
          null,
          null,
          0
        ],
        "branches": {
        }
      },
      "/root/s3300projectp2/app/mailers/application_mailer.rb": {
        "lines": [
          0,
          0,
          0,
          0
        ],
        "branches": {
        }
      },
      "/root/s3300projectp2/app/models/application_record.rb": {
        "lines": [
          0,
          0,
          0
        ],
        "branches": {
        }
      },
      "/root/s3300projectp2/app/models/item.rb": {
        "lines": [
          0,
          0,
          0,
          0
        ],
        "branches": {
        }
      },
      "/root/s3300projectp2/app/models/user.rb": {
        "lines": [
          0,
          null,
          null,
          0,
          0,
          0
        ],
        "branches": {
        }
      }
    },
    "timestamp": 1682612158
  }
}
